<?xml version="1.0" encoding="UTF-8"?>
<!-- Generated by org.testng.reporters.JUnitXMLReporter -->
<testsuite ignored="4" hostname="PM" failures="0" tests="3" name="Test1" time="0.078" errors="0" timestamp="2024-09-01T01:43:34 EDT">
  <testcase classname="com.testCases.ExampleTC1" name="test1" time="0.004"/>
  <testcase classname="com.testCases.ExampleTC1" name="test3" time="0.0"/>
  <testcase classname="com.testCases.ExampleTC2" name="test2" time="0.001"/>
  <testcase classname="com.testCases.ExampleTC2" name="test1" time="0.0">
    <ignored/>
  </testcase> <!-- test1 -->
  <testcase classname="com.testCases.ExampleTC1" name="test2" time="0.0">
    <ignored/>
  </testcase> <!-- test2 -->
  <testcase classname="com.utils.BaseTest" name="@BeforeSuite beforeSuite" time="0.0">
    <ignored/>
  </testcase> <!-- @BeforeSuite beforeSuite -->
  <testcase classname="com.utils.BaseTest" name="@AfterSuite afterSuite" time="0.0">
    <ignored/>
  </testcase> <!-- @AfterSuite afterSuite -->
</testsuite> <!-- Test1 -->
