<?xml version="1.0" encoding="UTF-8"?>
<!-- Generated by org.testng.reporters.JUnitXMLReporter -->
<testsuite ignored="0" hostname="PM" failures="0" tests="4" name="Surefire test" time="0.152" errors="0" timestamp="2024-08-31T16:32:03 EDT">
  <testcase classname="com.testCases.ExampleTC1" name="test1" time="0.0"/>
  <testcase classname="com.testCases.ExampleTC1" name="test2" time="0.0"/>
  <testcase classname="com.testCases.ExampleTC2" name="test1" time="0.0"/>
  <testcase classname="com.testCases.ExampleTC2" name="test2" time="0.0"/>
</testsuite> <!-- Surefire test -->
