<?xml version="1.0" encoding="UTF-8"?>
<testng-results ignored="0" total="3" passed="3" failed="0" skipped="0">
  <reporter-output>
  </reporter-output>
  <suite started-at="2024-09-01T01:43:34 EDT" name="All Test Case Suite" finished-at="2024-09-01T01:43:34 EDT" duration-ms="78">
    <groups>
      <group name="regression">
        <method signature="ExampleTC1.test1()[pri:0, instance:com.testCases.ExampleTC1@6c4906d3]" name="test1" class="com.testCases.ExampleTC1"/>
        <method signature="ExampleTC1.test3()[pri:0, instance:com.testCases.ExampleTC1@6c4906d3]" name="test3" class="com.testCases.ExampleTC1"/>
        <method signature="ExampleTC2.test2()[pri:0, instance:com.testCases.ExampleTC2@6f53b8a]" name="test2" class="com.testCases.ExampleTC2"/>
      </group> <!-- regression -->
    </groups>
    <test started-at="2024-09-01T01:43:34 EDT" name="Test1" finished-at="2024-09-01T01:43:34 EDT" duration-ms="78">
      <class name="com.testCases.ExampleTC1">
        <test-method is-config="true" signature="beforeSuite(java.lang.String)[pri:0, instance:com.testCases.ExampleTC1@6c4906d3]" started-at="2024-09-01T01:43:34 EDT" name="beforeSuite" finished-at="2024-09-01T01:43:34 EDT" duration-ms="31" status="PASS">
          <params>
            <param index="0">
              <value>
                <![CDATA[chrome]]>
              </value>
            </param>
          </params>
          <reporter-output>
          </reporter-output>
        </test-method> <!-- beforeSuite -->
        <test-method is-config="true" signature="beforeClass()[pri:0, instance:com.testCases.ExampleTC1@6c4906d3]" started-at="2024-09-01T01:43:34 EDT" name="beforeClass" finished-at="2024-09-01T01:43:34 EDT" duration-ms="1" status="PASS">
          <reporter-output>
          </reporter-output>
        </test-method> <!-- beforeClass -->
        <test-method is-config="true" signature="beforeMethod(java.lang.String)[pri:0, instance:com.testCases.ExampleTC1@6c4906d3]" started-at="2024-09-01T01:43:34 EDT" name="beforeMethod" finished-at="2024-09-01T01:43:34 EDT" duration-ms="1" status="PASS">
          <params>
            <param index="0">
              <value>
                <![CDATA[www.google.com]]>
              </value>
            </param>
          </params>
          <reporter-output>
          </reporter-output>
        </test-method> <!-- beforeMethod -->
        <test-method signature="test1()[pri:0, instance:com.testCases.ExampleTC1@6c4906d3]" started-at="2024-09-01T01:43:34 EDT" name="test1" finished-at="2024-09-01T01:43:34 EDT" duration-ms="4" status="PASS">
          <reporter-output>
          </reporter-output>
        </test-method> <!-- test1 -->
        <test-method is-config="true" signature="afterMethod()[pri:0, instance:com.testCases.ExampleTC1@6c4906d3]" started-at="2024-09-01T01:43:34 EDT" name="afterMethod" finished-at="2024-09-01T01:43:34 EDT" duration-ms="0" status="PASS">
          <reporter-output>
          </reporter-output>
        </test-method> <!-- afterMethod -->
        <test-method is-config="true" signature="beforeMethod(java.lang.String)[pri:0, instance:com.testCases.ExampleTC1@6c4906d3]" started-at="2024-09-01T01:43:34 EDT" name="beforeMethod" finished-at="2024-09-01T01:43:34 EDT" duration-ms="1" status="PASS">
          <params>
            <param index="0">
              <value>
                <![CDATA[www.google.com]]>
              </value>
            </param>
          </params>
          <reporter-output>
          </reporter-output>
        </test-method> <!-- beforeMethod -->
        <test-method signature="test3()[pri:0, instance:com.testCases.ExampleTC1@6c4906d3]" started-at="2024-09-01T01:43:34 EDT" name="test3" finished-at="2024-09-01T01:43:34 EDT" depends-on-methods="com.testCases.ExampleTC1.test1" duration-ms="0" status="PASS">
          <reporter-output>
          </reporter-output>
        </test-method> <!-- test3 -->
        <test-method is-config="true" signature="afterMethod()[pri:0, instance:com.testCases.ExampleTC1@6c4906d3]" started-at="2024-09-01T01:43:34 EDT" name="afterMethod" finished-at="2024-09-01T01:43:34 EDT" duration-ms="0" status="PASS">
          <reporter-output>
          </reporter-output>
        </test-method> <!-- afterMethod -->
        <test-method is-config="true" signature="afterClass()[pri:0, instance:com.testCases.ExampleTC1@6c4906d3]" started-at="2024-09-01T01:43:34 EDT" name="afterClass" finished-at="2024-09-01T01:43:34 EDT" duration-ms="0" status="PASS">
          <reporter-output>
          </reporter-output>
        </test-method> <!-- afterClass -->
        <test-method is-config="true" signature="afterSuite()[pri:0, instance:com.testCases.ExampleTC1@6c4906d3]" started-at="2024-09-01T01:43:34 EDT" name="afterSuite" finished-at="2024-09-01T01:43:34 EDT" duration-ms="1" status="PASS">
          <reporter-output>
          </reporter-output>
        </test-method> <!-- afterSuite -->
      </class> <!-- com.testCases.ExampleTC1 -->
      <class name="com.testCases.ExampleTC2">
        <test-method is-config="true" signature="beforeClass()[pri:0, instance:com.testCases.ExampleTC2@6f53b8a]" started-at="2024-09-01T01:43:34 EDT" name="beforeClass" finished-at="2024-09-01T01:43:34 EDT" duration-ms="1" status="PASS">
          <reporter-output>
          </reporter-output>
        </test-method> <!-- beforeClass -->
        <test-method is-config="true" signature="beforeMethod(java.lang.String)[pri:0, instance:com.testCases.ExampleTC2@6f53b8a]" started-at="2024-09-01T01:43:34 EDT" name="beforeMethod" finished-at="2024-09-01T01:43:34 EDT" duration-ms="2" status="PASS">
          <params>
            <param index="0">
              <value>
                <![CDATA[www.bing.com]]>
              </value>
            </param>
          </params>
          <reporter-output>
          </reporter-output>
        </test-method> <!-- beforeMethod -->
        <test-method signature="test2()[pri:0, instance:com.testCases.ExampleTC2@6f53b8a]" started-at="2024-09-01T01:43:34 EDT" name="test2" finished-at="2024-09-01T01:43:34 EDT" duration-ms="1" status="PASS">
          <reporter-output>
          </reporter-output>
        </test-method> <!-- test2 -->
        <test-method is-config="true" signature="afterMethod()[pri:0, instance:com.testCases.ExampleTC2@6f53b8a]" started-at="2024-09-01T01:43:34 EDT" name="afterMethod" finished-at="2024-09-01T01:43:34 EDT" duration-ms="1" status="PASS">
          <reporter-output>
          </reporter-output>
        </test-method> <!-- afterMethod -->
        <test-method is-config="true" signature="afterClass()[pri:0, instance:com.testCases.ExampleTC2@6f53b8a]" started-at="2024-09-01T01:43:34 EDT" name="afterClass" finished-at="2024-09-01T01:43:34 EDT" duration-ms="1" status="PASS">
          <reporter-output>
          </reporter-output>
        </test-method> <!-- afterClass -->
      </class> <!-- com.testCases.ExampleTC2 -->
    </test> <!-- Test1 -->
  </suite> <!-- All Test Case Suite -->
</testng-results>
