<?xml version="1.0" encoding="UTF-8"?>
<testsuite xmlns:xsi="http://www.w3.org/2001/XMLSchema-instance" xsi:noNamespaceSchemaLocation="https://maven.apache.org/surefire/maven-surefire-plugin/xsd/surefire-test-report-3.0.xsd" version="3.0" name="TestSuite" time="1.247" tests="3" errors="0" skipped="0" failures="0">
  <properties>
[...]
</properties>
  <testcase name="test1" classname="com.testCases.ExampleTC1" time="0.003">
    <system-out><![CDATA[BASE Class : Before Suite which Browser
Browser Selected : chrome
Who am I : Divi
BASE Class : Before  Class open excel 
BASE Class : Before Method open Browser
URLwww.google.com
ExampleTC1 : test1
]]></system-out>
    <system-err><![CDATA[log4j:WARN No appenders could be found for logger (org.testng.TestNG).
log4j:WARN Please initialize the log4j system properly.
log4j:WARN See http://logging.apache.org/log4j/1.2/faq.html#noconfig for more info.
]]></system-err>
  </testcase>
  <testcase name="test3" classname="com.testCases.ExampleTC1" time="0">
    <system-out><![CDATA[BASE Class : After  Method close browser
BASE Class : Before Method open Browser
URLwww.google.com
ExampleTC1 : test3
]]></system-out>
  </testcase>
  <testcase name="test2" classname="com.testCases.ExampleTC2" time="0">
    <system-out><![CDATA[BASE Class : After  Method close browser
BASE Class : after  Class close excel 
BASE Class : Before  Class open excel 
BASE Class : Before Method open Browser
URLwww.bing.com
ExampleTC2 : test2
]]></system-out>
  </testcase>
</testsuite>