<?xml version="1.0" encoding="UTF-8"?>
<testng-results ignored="0" total="1" passed="1" failed="0" skipped="0">
  <reporter-output>
  </reporter-output>
  <suite started-at="2024-09-02T02:26:03 EDT" name="All Test Case Suite" finished-at="2024-09-02T02:26:07 EDT" duration-ms="4352">
    <groups>
      <group name="functional">
        <method signature="LoginPageSuccessTest.successLogin()[pri:0, instance:com.testCases.LoginPageSuccessTest@42b3b079]" name="successLogin" class="com.testCases.LoginPageSuccessTest"/>
      </group> <!-- functional -->
    </groups>
    <test started-at="2024-09-02T02:26:03 EDT" name="Test1" finished-at="2024-09-02T02:26:07 EDT" duration-ms="4352">
      <class name="com.testCases.LoginPageSuccessTest">
        <test-method is-config="true" signature="beforeSuite()[pri:0, instance:com.testCases.LoginPageSuccessTest@42b3b079]" started-at="2024-09-02T02:26:03 EDT" name="beforeSuite" finished-at="2024-09-02T02:26:03 EDT" duration-ms="15" status="PASS">
          <reporter-output>
          </reporter-output>
        </test-method> <!-- beforeSuite -->
        <test-method is-config="true" signature="browserInitiation(java.lang.String,java.lang.String)[pri:0, instance:com.testCases.LoginPageSuccessTest@42b3b079]" started-at="2024-09-02T02:26:03 EDT" name="browserInitiation" finished-at="2024-09-02T02:26:06 EDT" duration-ms="2729" status="PASS">
          <params>
            <param index="0">
              <value>
                <![CDATA[chrome]]>
              </value>
            </param>
            <param index="1">
              <value>
                <![CDATA[https://www.saucedemo.com/v1/]]>
              </value>
            </param>
          </params>
          <reporter-output>
          </reporter-output>
        </test-method> <!-- browserInitiation -->
        <test-method is-config="true" signature="beforeMethod()[pri:0, instance:com.testCases.LoginPageSuccessTest@42b3b079]" started-at="2024-09-02T02:26:06 EDT" name="beforeMethod" finished-at="2024-09-02T02:26:06 EDT" duration-ms="1" status="PASS">
          <reporter-output>
          </reporter-output>
        </test-method> <!-- beforeMethod -->
        <test-method signature="successLogin()[pri:0, instance:com.testCases.LoginPageSuccessTest@42b3b079]" started-at="2024-09-02T02:26:06 EDT" name="successLogin" finished-at="2024-09-02T02:26:07 EDT" duration-ms="725" status="PASS">
          <reporter-output>
          </reporter-output>
        </test-method> <!-- successLogin -->
        <test-method is-config="true" signature="tearDown()[pri:0, instance:com.testCases.LoginPageSuccessTest@42b3b079]" started-at="2024-09-02T02:26:07 EDT" name="tearDown" finished-at="2024-09-02T02:26:07 EDT" duration-ms="799" status="PASS">
          <reporter-output>
          </reporter-output>
        </test-method> <!-- tearDown -->
        <test-method is-config="true" signature="afterMethod()[pri:0, instance:com.testCases.LoginPageSuccessTest@42b3b079]" started-at="2024-09-02T02:26:07 EDT" name="afterMethod" finished-at="2024-09-02T02:26:07 EDT" duration-ms="0" status="PASS">
          <reporter-output>
          </reporter-output>
        </test-method> <!-- afterMethod -->
        <test-method is-config="true" signature="afterSuite()[pri:0, instance:com.testCases.LoginPageSuccessTest@42b3b079]" started-at="2024-09-02T02:26:08 EDT" name="afterSuite" finished-at="2024-09-02T02:26:08 EDT" duration-ms="0" status="PASS">
          <reporter-output>
          </reporter-output>
        </test-method> <!-- afterSuite -->
      </class> <!-- com.testCases.LoginPageSuccessTest -->
    </test> <!-- Test1 -->
  </suite> <!-- All Test Case Suite -->
</testng-results>
