<?xml version="1.0" encoding="UTF-8"?>
<!-- Generated by org.testng.reporters.JUnitXMLReporter -->
<testsuite ignored="0" hostname="PM" failures="0" tests="4" name="All Test" time="0.123" errors="0" timestamp="2024-08-31T13:26:46 EDT">
  <testcase classname="com.testCases.ExampleTC1" name="test1" time="0.006"/>
  <testcase classname="com.testCases.ExampleTC1" name="test2" time="0.002"/>
  <testcase classname="com.testCases.ExampleTC2" name="test1" time="0.002"/>
  <testcase classname="com.testCases.ExampleTC2" name="test2" time="0.001"/>
</testsuite> <!-- All Test -->
